解析地区列表数据失败: Unexpected character ('<' (code 60)): expected a valid value (JSON String, Number, Array, Object or token 'null', 'true' or 'false')
 at [Source: REDACTED (`StreamReadFeature.INCLUDE_SOURCE_IN_LOCATION` disabled); line: 1, column: 1]
com.fasterxml.jackson.core.JsonParseException: Unexpected character ('<' (code 60)): expected a valid value (JSON String, Number, Array, Object or token 'null', 'true' or 'false')
 at [Source: REDACTED (`StreamReadFeature.INCLUDE_SOURCE_IN_LOCATION` disabled); line: 1, column: 1]
	at com.fasterxml.jackson.core.JsonParser._constructReadException(JsonParser.java:2660)
	at com.fasterxml.jackson.core.base.ParserMinimalBase._reportUnexpectedChar(ParserMinimalBase.java:741)
	at com.fasterxml.jackson.core.json.ReaderBasedJsonParser._handleOddValue(ReaderBasedJsonParser.java:2054)
	at com.fasterxml.jackson.core.json.ReaderBasedJsonParser.nextToken(ReaderBasedJsonParser.java:780)
	at com.fasterxml.jackson.databind.ObjectMapper._readTreeAndClose(ObjectMapper.java:4960)
	at com.fasterxml.jackson.databind.ObjectMapper.readTree(ObjectMapper.java:3281)
	at com.xienlive.ai.video.agent.GpuProductFinderStage.parseClustersResponse(GpuProductFinderStage.java:2051)
	at java.base/java.util.concurrent.CompletableFuture$UniApply.tryFire(CompletableFuture.java:642)
	at java.base/java.util.concurrent.CompletableFuture.postComplete(CompletableFuture.java:506)
	at java.base/java.util.concurrent.CompletableFuture.postFire(CompletableFuture.java:610)
	at java.base/java.util.concurrent.CompletableFuture$UniWhenComplete.tryFire(CompletableFuture.java:840)
	at java.base/java.util.concurrent.CompletableFuture$Completion.exec(CompletableFuture.java:479)
	at java.base/java.util.concurrent.ForkJoinTask.doExec(ForkJoinTask.java:290)
	at java.base/java.util.concurrent.ForkJoinPool$WorkQueue.topLevelExec(ForkJoinPool.java:1020)
	at java.base/java.util.concurrent.ForkJoinPool.scan(ForkJoinPool.java:1656)
	at java.base/java.util.concurrent.ForkJoinPool.runWorker(ForkJoinPool.java:1594)
	at java.base/java.util.concurrent.ForkJoinWorkerThread.run(ForkJoinWorkerThread.java:183)
[DEBUG CHAIN] Cluster loading failed: com.xienlive.ai.video.agent.GpuProductFinderStage$BusinessException: 解析地区列表数据失败
获取地区列表失败: com.xienlive.pay.server.RunpodProductService
[DEBUG CHAIN] Cluster loading failed: com.xienlive.ai.video.agent.GpuProductFinderStage$BusinessException: 获取地区列表失败: com.xienlive.pay.server.RunpodProductService
[DEBUG PRODUCTS INTERNAL] Product loading failed: com.xienlive.ai.video.agent.GpuProductFinderStage$BusinessException: 获取产品列表失败: com.xienlive.pay.server.NovitaProductService
java.util.concurrent.CompletionException: com.xienlive.ai.video.agent.GpuProductFinderStage$BusinessException: 获取产品列表失败: com.xienlive.pay.server.NovitaProductService
	at java.base/java.util.concurrent.CompletableFuture.encodeThrowable(CompletableFuture.java:314)
	at java.base/java.util.concurrent.CompletableFuture.completeThrowable(CompletableFuture.java:319)
	at java.base/java.util.concurrent.CompletableFuture$UniApply.tryFire(CompletableFuture.java:645)
	at java.base/java.util.concurrent.CompletableFuture.postComplete(CompletableFuture.java:506)
	at java.base/java.util.concurrent.CompletableFuture.postFire(CompletableFuture.java:610)
	at java.base/java.util.concurrent.CompletableFuture$UniWhenComplete.tryFire(CompletableFuture.java:840)
	at java.base/java.util.concurrent.CompletableFuture$Completion.exec(CompletableFuture.java:479)
	at java.base/java.util.concurrent.ForkJoinTask.doExec(ForkJoinTask.java:290)
	at java.base/java.util.concurrent.ForkJoinPool$WorkQueue.topLevelExec(ForkJoinPool.java:1020)
	at java.base/java.util.concurrent.ForkJoinPool.scan(ForkJoinPool.java:1656)
	at java.base/java.util.concurrent.ForkJoinPool.runWorker(ForkJoinPool.java:1594)
	at java.base/java.util.concurrent.ForkJoinWorkerThread.run(ForkJoinWorkerThread.java:183)
Caused by: com.xienlive.ai.video.agent.GpuProductFinderStage$BusinessException: 获取产品列表失败: com.xienlive.pay.server.NovitaProductService
	at com.xienlive.ai.video.agent.GpuProductFinderStage.parseProductsResponse(GpuProductFinderStage.java:2107)
	at java.base/java.util.concurrent.CompletableFuture$UniApply.tryFire(CompletableFuture.java:642)
	... 9 more
解析地区列表数据失败: Unexpected character ('<' (code 60)): expected a valid value (JSON String, Number, Array, Object or token 'null', 'true' or 'false')
 at [Source: REDACTED (`StreamReadFeature.INCLUDE_SOURCE_IN_LOCATION` disabled); line: 1, column: 1]
com.fasterxml.jackson.core.JsonParseException: Unexpected character ('<' (code 60)): expected a valid value (JSON String, Number, Array, Object or token 'null', 'true' or 'false')
 at [Source: REDACTED (`StreamReadFeature.INCLUDE_SOURCE_IN_LOCATION` disabled); line: 1, column: 1]
	at com.fasterxml.jackson.core.JsonParser._constructReadException(JsonParser.java:2660)
	at com.fasterxml.jackson.core.base.ParserMinimalBase._reportUnexpectedChar(ParserMinimalBase.java:741)
	at com.fasterxml.jackson.core.json.ReaderBasedJsonParser._handleOddValue(ReaderBasedJsonParser.java:2054)
	at com.fasterxml.jackson.core.json.ReaderBasedJsonParser.nextToken(ReaderBasedJsonParser.java:780)
	at com.fasterxml.jackson.databind.ObjectMapper._readTreeAndClose(ObjectMapper.java:4960)
	at com.fasterxml.jackson.databind.ObjectMapper.readTree(ObjectMapper.java:3281)
	at com.xienlive.ai.video.agent.GpuProductFinderStage.parseClustersResponse(GpuProductFinderStage.java:2051)
	at java.base/java.util.concurrent.CompletableFuture$UniApply.tryFire(CompletableFuture.java:642)
	at java.base/java.util.concurrent.CompletableFuture.postComplete(CompletableFuture.java:506)
	at java.base/java.util.concurrent.CompletableFuture.postFire(CompletableFuture.java:610)
	at java.base/java.util.concurrent.CompletableFuture$UniWhenComplete.tryFire(CompletableFuture.java:840)
	at java.base/java.util.concurrent.CompletableFuture$Completion.exec(CompletableFuture.java:479)
	at java.base/java.util.concurrent.ForkJoinTask.doExec(ForkJoinTask.java:290)
	at java.base/java.util.concurrent.ForkJoinPool$WorkQueue.topLevelExec(ForkJoinPool.java:1020)
	at java.base/java.util.concurrent.ForkJoinPool.scan(ForkJoinPool.java:1656)
	at java.base/java.util.concurrent.ForkJoinPool.runWorker(ForkJoinPool.java:1594)
	at java.base/java.util.concurrent.ForkJoinWorkerThread.run(ForkJoinWorkerThread.java:183)
[DEBUG CHAIN] Cluster loading failed: com.xienlive.ai.video.agent.GpuProductFinderStage$BusinessException: 解析地区列表数据失败
解析地区列表数据失败: Unexpected character ('<' (code 60)): expected a valid value (JSON String, Number, Array, Object or token 'null', 'true' or 'false')
 at [Source: REDACTED (`StreamReadFeature.INCLUDE_SOURCE_IN_LOCATION` disabled); line: 1, column: 1]
com.fasterxml.jackson.core.JsonParseException: Unexpected character ('<' (code 60)): expected a valid value (JSON String, Number, Array, Object or token 'null', 'true' or 'false')
 at [Source: REDACTED (`StreamReadFeature.INCLUDE_SOURCE_IN_LOCATION` disabled); line: 1, column: 1]
	at com.fasterxml.jackson.core.JsonParser._constructReadException(JsonParser.java:2660)
	at com.fasterxml.jackson.core.base.ParserMinimalBase._reportUnexpectedChar(ParserMinimalBase.java:741)
	at com.fasterxml.jackson.core.json.ReaderBasedJsonParser._handleOddValue(ReaderBasedJsonParser.java:2054)
	at com.fasterxml.jackson.core.json.ReaderBasedJsonParser.nextToken(ReaderBasedJsonParser.java:780)
	at com.fasterxml.jackson.databind.ObjectMapper._readTreeAndClose(ObjectMapper.java:4960)
	at com.fasterxml.jackson.databind.ObjectMapper.readTree(ObjectMapper.java:3281)
	at com.xienlive.ai.video.agent.GpuProductFinderStage.parseClustersResponse(GpuProductFinderStage.java:2051)
	at java.base/java.util.concurrent.CompletableFuture$UniApply.tryFire(CompletableFuture.java:642)
	at java.base/java.util.concurrent.CompletableFuture.postComplete(CompletableFuture.java:506)
	at java.base/java.util.concurrent.CompletableFuture.postFire(CompletableFuture.java:610)
	at java.base/java.util.concurrent.CompletableFuture$UniWhenComplete.tryFire(CompletableFuture.java:840)
	at java.base/java.util.concurrent.CompletableFuture$Completion.exec(CompletableFuture.java:479)
	at java.base/java.util.concurrent.ForkJoinTask.doExec(ForkJoinTask.java:290)
	at java.base/java.util.concurrent.ForkJoinPool$WorkQueue.topLevelExec(ForkJoinPool.java:1020)
	at java.base/java.util.concurrent.ForkJoinPool.scan(ForkJoinPool.java:1656)
	at java.base/java.util.concurrent.ForkJoinPool.runWorker(ForkJoinPool.java:1594)
	at java.base/java.util.concurrent.ForkJoinWorkerThread.run(ForkJoinWorkerThread.java:183)
[DEBUG CHAIN] Cluster loading failed: com.xienlive.ai.video.agent.GpuProductFinderStage$BusinessException: 解析地区列表数据失败
解析地区列表数据失败: Unexpected character ('<' (code 60)): expected a valid value (JSON String, Number, Array, Object or token 'null', 'true' or 'false')
 at [Source: REDACTED (`StreamReadFeature.INCLUDE_SOURCE_IN_LOCATION` disabled); line: 1, column: 1]
com.fasterxml.jackson.core.JsonParseException: Unexpected character ('<' (code 60)): expected a valid value (JSON String, Number, Array, Object or token 'null', 'true' or 'false')
 at [Source: REDACTED (`StreamReadFeature.INCLUDE_SOURCE_IN_LOCATION` disabled); line: 1, column: 1]
	at com.fasterxml.jackson.core.JsonParser._constructReadException(JsonParser.java:2660)
	at com.fasterxml.jackson.core.base.ParserMinimalBase._reportUnexpectedChar(ParserMinimalBase.java:741)
	at com.fasterxml.jackson.core.json.ReaderBasedJsonParser._handleOddValue(ReaderBasedJsonParser.java:2054)
	at com.fasterxml.jackson.core.json.ReaderBasedJsonParser.nextToken(ReaderBasedJsonParser.java:780)
	at com.fasterxml.jackson.databind.ObjectMapper._readTreeAndClose(ObjectMapper.java:4960)
	at com.fasterxml.jackson.databind.ObjectMapper.readTree(ObjectMapper.java:3281)
	at com.xienlive.ai.video.agent.GpuProductFinderStage.parseClustersResponse(GpuProductFinderStage.java:2051)
	at java.base/java.util.concurrent.CompletableFuture$UniApply.tryFire(CompletableFuture.java:642)
	at java.base/java.util.concurrent.CompletableFuture.postComplete(CompletableFuture.java:506)
	at java.base/java.util.concurrent.CompletableFuture.postFire(CompletableFuture.java:610)
	at java.base/java.util.concurrent.CompletableFuture$UniWhenComplete.tryFire(CompletableFuture.java:840)
	at java.base/java.util.concurrent.CompletableFuture$Completion.exec(CompletableFuture.java:479)
	at java.base/java.util.concurrent.ForkJoinTask.doExec(ForkJoinTask.java:290)
	at java.base/java.util.concurrent.ForkJoinPool$WorkQueue.topLevelExec(ForkJoinPool.java:1020)
	at java.base/java.util.concurrent.ForkJoinPool.scan(ForkJoinPool.java:1656)
	at java.base/java.util.concurrent.ForkJoinPool.runWorker(ForkJoinPool.java:1594)
	at java.base/java.util.concurrent.ForkJoinWorkerThread.run(ForkJoinWorkerThread.java:183)
[DEBUG CHAIN] Cluster loading failed: com.xienlive.ai.video.agent.GpuProductFinderStage$BusinessException: 解析地区列表数据失败
解析地区列表数据失败: Unexpected character ('<' (code 60)): expected a valid value (JSON String, Number, Array, Object or token 'null', 'true' or 'false')
 at [Source: REDACTED (`StreamReadFeature.INCLUDE_SOURCE_IN_LOCATION` disabled); line: 1, column: 1]
com.fasterxml.jackson.core.JsonParseException: Unexpected character ('<' (code 60)): expected a valid value (JSON String, Number, Array, Object or token 'null', 'true' or 'false')
 at [Source: REDACTED (`StreamReadFeature.INCLUDE_SOURCE_IN_LOCATION` disabled); line: 1, column: 1]
	at com.fasterxml.jackson.core.JsonParser._constructReadException(JsonParser.java:2660)
	at com.fasterxml.jackson.core.base.ParserMinimalBase._reportUnexpectedChar(ParserMinimalBase.java:741)
	at com.fasterxml.jackson.core.json.ReaderBasedJsonParser._handleOddValue(ReaderBasedJsonParser.java:2054)
	at com.fasterxml.jackson.core.json.ReaderBasedJsonParser.nextToken(ReaderBasedJsonParser.java:780)
	at com.fasterxml.jackson.databind.ObjectMapper._readTreeAndClose(ObjectMapper.java:4960)
	at com.fasterxml.jackson.databind.ObjectMapper.readTree(ObjectMapper.java:3281)
	at com.xienlive.ai.video.agent.GpuProductFinderStage.parseClustersResponse(GpuProductFinderStage.java:2051)
	at java.base/java.util.concurrent.CompletableFuture$UniApply.tryFire(CompletableFuture.java:642)
	at java.base/java.util.concurrent.CompletableFuture.postComplete(CompletableFuture.java:506)
	at java.base/java.util.concurrent.CompletableFuture.postFire(CompletableFuture.java:610)
	at java.base/java.util.concurrent.CompletableFuture$UniWhenComplete.tryFire(CompletableFuture.java:840)
	at java.base/java.util.concurrent.CompletableFuture$Completion.exec(CompletableFuture.java:479)
	at java.base/java.util.concurrent.ForkJoinTask.doExec(ForkJoinTask.java:290)
	at java.base/java.util.concurrent.ForkJoinPool$WorkQueue.topLevelExec(ForkJoinPool.java:1020)
	at java.base/java.util.concurrent.ForkJoinPool.scan(ForkJoinPool.java:1656)
	at java.base/java.util.concurrent.ForkJoinPool.runWorker(ForkJoinPool.java:1594)
	at java.base/java.util.concurrent.ForkJoinWorkerThread.run(ForkJoinWorkerThread.java:183)
[DEBUG CHAIN] Cluster loading failed: com.xienlive.ai.video.agent.GpuProductFinderStage$BusinessException: 解析地区列表数据失败
Exception in thread "JavaFX Application Thread" java.util.concurrent.RejectedExecutionException: Task com.sun.javafx.tk.RenderJob@4343fc88[Not completed, task = java.util.concurrent.Executors$RunnableAdapter@5c73097e[Wrapped task = com.sun.javafx.tk.quantum.PresentingPainter@84b3812]] rejected from com.sun.javafx.tk.quantum.QuantumRenderer@633a2a1d[Terminated, pool size = 0, active threads = 0, queued tasks = 0, completed tasks = 2044]
	at java.base/java.util.concurrent.ThreadPoolExecutor$AbortPolicy.rejectedExecution(ThreadPoolExecutor.java:2055)
	at java.base/java.util.concurrent.ThreadPoolExecutor.reject(ThreadPoolExecutor.java:825)
	at java.base/java.util.concurrent.ThreadPoolExecutor.execute(ThreadPoolExecutor.java:1355)
	at java.base/java.util.concurrent.AbstractExecutorService.submit(AbstractExecutorService.java:118)
	at com.sun.javafx.tk.quantum.QuantumRenderer.submitRenderJob(QuantumRenderer.java:218)
	at com.sun.javafx.tk.quantum.QuantumToolkit.addRenderJob(QuantumToolkit.java:453)
	at com.sun.javafx.tk.quantum.PaintCollector.lambda$liveRepaintRenderJob$2(PaintCollector.java:323)
	at com.sun.javafx.tk.quantum.QuantumToolkit.runWithoutRenderLock(QuantumToolkit.java:390)
	at com.sun.javafx.tk.quantum.PaintCollector.liveRepaintRenderJob(PaintCollector.java:322)
	at com.sun.javafx.tk.quantum.GlassViewEventHandler$ViewEventNotification.run(GlassViewEventHandler.java:870)
	at com.sun.javafx.tk.quantum.GlassViewEventHandler$ViewEventNotification.run(GlassViewEventHandler.java:830)
	at java.base/java.security.AccessController.doPrivileged(Native Method)
	at com.sun.javafx.tk.quantum.GlassViewEventHandler.lambda$handleViewEvent$15(GlassViewEventHandler.java:911)
	at com.sun.javafx.tk.quantum.QuantumToolkit.runWithoutRenderLock(QuantumToolkit.java:390)
	at com.sun.javafx.tk.quantum.GlassViewEventHandler.handleViewEvent(GlassViewEventHandler.java:910)
	at com.sun.glass.ui.View.handleViewEvent(View.java:540)
	at com.sun.glass.ui.View.notifyResize(View.java:880)
	at com.sun.glass.ui.win.WinWindow._setResizable(Native Method)
	at com.sun.glass.ui.Window.setResizable(Window.java:713)
	at com.sun.javafx.tk.quantum.WindowStage.setResizable(WindowStage.java:608)
	at javafx.stage.Stage.doVisibleChanged(Stage.java:1174)
	at javafx.stage.Stage.access$100(Stage.java:175)
	at javafx.stage.Stage$1.doVisibleChanged(Stage.java:186)
	at com.sun.javafx.stage.StageHelper.visibleChangedImpl(StageHelper.java:63)
	at com.sun.javafx.stage.WindowHelper.visibleChanged(WindowHelper.java:77)
	at javafx.stage.Window$12.invalidated(Window.java:1147)
	at javafx.beans.property.BooleanPropertyBase.markInvalid(BooleanPropertyBase.java:110)
	at javafx.beans.property.BooleanPropertyBase.set(BooleanPropertyBase.java:145)
	at javafx.stage.Window.setShowing(Window.java:1174)
	at javafx.stage.Window.show(Window.java:1189)
	at javafx.stage.Stage.show(Stage.java:273)
	at javafx.scene.control.HeavyweightDialog.show(HeavyweightDialog.java:156)
	at javafx.scene.control.Dialog.show(Dialog.java:305)
	at com.xienlive.ai.video.agent.MainV2.showClosingDialogAndExit(MainV2.java:529)
	at com.xienlive.ai.video.agent.MainV2.lambda$showExitConfirmationDialog$6(MainV2.java:325)
	at com.sun.javafx.application.PlatformImpl.lambda$runLater$10(PlatformImpl.java:428)
	at java.base/java.security.AccessController.doPrivileged(Native Method)
	at com.sun.javafx.application.PlatformImpl.lambda$runLater$11(PlatformImpl.java:427)
	at com.sun.glass.ui.InvokeLaterDispatcher$Future.run(InvokeLaterDispatcher.java:96)
	at com.sun.glass.ui.win.WinApplication._runLoop(Native Method)
	at com.sun.glass.ui.win.WinApplication.lambda$runLoop$3(WinApplication.java:174)
	at java.base/java.lang.Thread.run(Thread.java:834)
Exception in thread "JavaFX Application Thread" java.util.concurrent.RejectedExecutionException: Task com.sun.javafx.tk.RenderJob@2ae7d548[Not completed, task = java.util.concurrent.Executors$RunnableAdapter@761cd0bf[Wrapped task = com.sun.javafx.tk.quantum.PresentingPainter@84b3812]] rejected from com.sun.javafx.tk.quantum.QuantumRenderer@633a2a1d[Terminated, pool size = 0, active threads = 0, queued tasks = 0, completed tasks = 2044]
	at java.base/java.util.concurrent.ThreadPoolExecutor$AbortPolicy.rejectedExecution(ThreadPoolExecutor.java:2055)
	at java.base/java.util.concurrent.ThreadPoolExecutor.reject(ThreadPoolExecutor.java:825)
	at java.base/java.util.concurrent.ThreadPoolExecutor.execute(ThreadPoolExecutor.java:1355)
	at java.base/java.util.concurrent.AbstractExecutorService.submit(AbstractExecutorService.java:118)
	at com.sun.javafx.tk.quantum.QuantumRenderer.submitRenderJob(QuantumRenderer.java:218)
	at com.sun.javafx.tk.quantum.QuantumToolkit.addRenderJob(QuantumToolkit.java:453)
	at com.sun.javafx.tk.quantum.PaintCollector.lambda$liveRepaintRenderJob$2(PaintCollector.java:323)
	at com.sun.javafx.tk.quantum.QuantumToolkit.runWithoutRenderLock(QuantumToolkit.java:390)
	at com.sun.javafx.tk.quantum.PaintCollector.liveRepaintRenderJob(PaintCollector.java:322)
	at com.sun.javafx.tk.quantum.GlassViewEventHandler$ViewEventNotification.run(GlassViewEventHandler.java:870)
	at com.sun.javafx.tk.quantum.GlassViewEventHandler$ViewEventNotification.run(GlassViewEventHandler.java:830)
	at java.base/java.security.AccessController.doPrivileged(Native Method)
	at com.sun.javafx.tk.quantum.GlassViewEventHandler.lambda$handleViewEvent$15(GlassViewEventHandler.java:911)
	at com.sun.javafx.tk.quantum.QuantumToolkit.runWithoutRenderLock(QuantumToolkit.java:390)
	at com.sun.javafx.tk.quantum.GlassViewEventHandler.handleViewEvent(GlassViewEventHandler.java:910)
	at com.sun.glass.ui.View.handleViewEvent(View.java:540)
	at com.sun.glass.ui.View.notifyResize(View.java:880)
	at com.sun.glass.ui.win.WinWindow._setBounds(Native Method)
	at com.sun.glass.ui.win.WinWindow.setBounds(WinWindow.java:147)
	at com.sun.javafx.tk.quantum.WindowStage.setBounds(WindowStage.java:336)
	at javafx.stage.Window$TKBoundsConfigurator.apply(Window.java:1550)
	at javafx.stage.Window.applyBounds(Window.java:1412)
	at javafx.stage.Window.adjustSize(Window.java:316)
	at javafx.stage.Window.sizeToScene(Window.java:282)
	at javafx.stage.Window$12.invalidated(Window.java:1154)
	at javafx.beans.property.BooleanPropertyBase.markInvalid(BooleanPropertyBase.java:110)
	at javafx.beans.property.BooleanPropertyBase.set(BooleanPropertyBase.java:145)
	at javafx.stage.Window.setShowing(Window.java:1174)
	at javafx.stage.Window.show(Window.java:1189)
	at javafx.stage.Stage.show(Stage.java:273)
	at javafx.scene.control.HeavyweightDialog.show(HeavyweightDialog.java:156)
	at javafx.scene.control.Dialog.show(Dialog.java:305)
	at com.xienlive.ai.video.agent.MainV2.showClosingDialogAndExit(MainV2.java:529)
	at com.xienlive.ai.video.agent.MainV2.lambda$showExitConfirmationDialog$6(MainV2.java:325)
	at com.sun.javafx.application.PlatformImpl.lambda$runLater$10(PlatformImpl.java:428)
	at java.base/java.security.AccessController.doPrivileged(Native Method)
	at com.sun.javafx.application.PlatformImpl.lambda$runLater$11(PlatformImpl.java:427)
	at com.sun.glass.ui.InvokeLaterDispatcher$Future.run(InvokeLaterDispatcher.java:96)
	at com.sun.glass.ui.win.WinApplication._runLoop(Native Method)
	at com.sun.glass.ui.win.WinApplication.lambda$runLoop$3(WinApplication.java:174)
	at java.base/java.lang.Thread.run(Thread.java:834)
